Phalcon\Mvc\Application::__set_state(array(
   '_dependencyInjector' => 
  Phalcon\DI::__set_state(array(
     '_services' => 
    array (
      'router' => 
      Phalcon\DI\Service::__set_state(array(
      )),
      'dispatcher' => 
      Phalcon\DI\Service::__set_state(array(
      )),
      'response' => 
      Phalcon\DI\Service::__set_state(array(
      )),
      'request' => 
      Phalcon\DI\Service::__set_state(array(
      )),
      'view' => 
      Phalcon\DI\Service::__set_state(array(
      )),
      'db' => 
      Phalcon\DI\Service::__set_state(array(
      )),
      'modelsMetadata' => 
      Phalcon\DI\Service::__set_state(array(
      )),
      'modelsManager' => 
      Phalcon\DI\Service::__set_state(array(
      )),
      'server' => 
      Phalcon\DI\Service::__set_state(array(
      )),
    ),
     '_sharedInstances' => 
    array (
      'router' => 
      Phalcon\Mvc\Router::__set_state(array(
         '_dependencyInjector' => NULL,
         '_uriSource' => NULL,
         '_namespace' => NULL,
         '_module' => NULL,
         '_controller' => 'index',
         '_action' => 'test',
         '_params' => 
        array (
        ),
         '_routes' => 
        array (
          0 => 
          Phalcon\Mvc\Router\Route::__set_state(array(
             '_pattern' => '#^/([a-zA-Z0-9_-]++)/?+$#',
             '_compiledPattern' => '#^/([a-zA-Z0-9_-]++)/?+$#',
             '_paths' => 
            array (
              'controller' => 1,
            ),
             '_methods' => NULL,
             '_hostname' => NULL,
             '_converters' => NULL,
             '_id' => 0,
             '_name' => NULL,
             '_beforeMatch' => NULL,
             '_group' => NULL,
          )),
          1 => 
          Phalcon\Mvc\Router\Route::__set_state(array(
             '_pattern' => '#^/([a-zA-Z0-9_-]++)/([a-zA-Z0-9\\._]++)(/.*+)?+$#',
             '_compiledPattern' => '#^/([a-zA-Z0-9_-]++)/([a-zA-Z0-9\\._]++)(/.*+)?+$#',
             '_paths' => 
            array (
              'controller' => 1,
              'action' => 2,
              'params' => 3,
            ),
             '_methods' => NULL,
             '_hostname' => NULL,
             '_converters' => NULL,
             '_id' => 1,
             '_name' => NULL,
             '_beforeMatch' => NULL,
             '_group' => NULL,
          )),
        ),
         '_routesNameLookup' => 
        array (
        ),
         '_matchedRoute' => 
        Phalcon\Mvc\Router\Route::__set_state(array(
           '_pattern' => '#^/([a-zA-Z0-9_-]++)/([a-zA-Z0-9\\._]++)(/.*+)?+$#',
           '_compiledPattern' => '#^/([a-zA-Z0-9_-]++)/([a-zA-Z0-9\\._]++)(/.*+)?+$#',
           '_paths' => 
          array (
            'controller' => 1,
            'action' => 2,
            'params' => 3,
          ),
           '_methods' => NULL,
           '_hostname' => NULL,
           '_converters' => NULL,
           '_id' => 1,
           '_name' => NULL,
           '_beforeMatch' => NULL,
           '_group' => NULL,
        )),
         '_matches' => 
        array (
          0 => '/index/test',
          1 => 'index',
          2 => 'test',
        ),
         '_wasMatched' => true,
         '_defaultNamespace' => NULL,
         '_defaultModule' => NULL,
         '_defaultController' => NULL,
         '_defaultAction' => NULL,
         '_defaultParams' => 
        array (
        ),
         '_removeExtraSlashes' => NULL,
         '_notFoundPaths' => NULL,
         '_isExactControllerName' => false,
      )),
      'view' => 
      Phalcon\Mvc\View::__set_state(array(
         '_dependencyInjector' => NULL,
         '_eventsManager' => NULL,
         '_options' => NULL,
         '_basePath' => '',
         '_content' => NULL,
         '_renderLevel' => 5,
         '_currentRenderLevel' => 0,
         '_disabledLevels' => NULL,
         '_viewParams' => NULL,
         '_layout' => NULL,
         '_layoutsDir' => '',
         '_partialsDir' => '',
         '_viewsDir' => '../apps/views/',
         '_templatesBefore' => NULL,
         '_templatesAfter' => NULL,
         '_engines' => false,
         '_registeredEngines' => NULL,
         '_mainView' => 'index',
         '_controllerName' => NULL,
         '_actionName' => NULL,
         '_params' => NULL,
         '_pickView' => NULL,
         '_cache' => NULL,
         '_cacheLevel' => 0,
         '_activeRenderPath' => NULL,
         '_disabled' => false,
      )),
      'dispatcher' => 
      Phalcon\Mvc\Dispatcher::__set_state(array(
         '_dependencyInjector' => NULL,
         '_eventsManager' => NULL,
         '_activeHandler' => NULL,
         '_finished' => true,
         '_forwarded' => false,
         '_moduleName' => NULL,
         '_namespaceName' => NULL,
         '_handlerName' => 'index',
         '_actionName' => 'test',
         '_params' => 
        array (
        ),
         '_returnedValue' => NULL,
         '_lastHandler' => NULL,
         '_defaultNamespace' => NULL,
         '_actionSuffix' => 'Action',
         '_isExactHandler' => false,
         '_previousHandlerName' => NULL,
         '_previousActionName' => NULL,
         '_handlerSuffix' => 'Controller',
         '_defaultHandler' => 'index',
         '_defaultAction' => 'index',
      )),
      'response' => 
      Phalcon\Http\Response::__set_state(array(
         '_sent' => false,
         '_content' => NULL,
         '_headers' => 
        Phalcon\Http\Response\Headers::__set_state(array(
           '_headers' => 
          array (
            'HTTP/1.1 404 Not Found' => NULL,
            'Status' => '404 Not Found',
          ),
        )),
         '_cookies' => NULL,
         '_file' => NULL,
         '_dependencyInjector' => NULL,
      )),
    ),
     '_freshInstance' => true,
  )),
   '_eventsManager' => NULL,
   '_defaultModule' => NULL,
   '_modules' => NULL,
   '_moduleObject' => NULL,
   '_implicitView' => true,
))